{"total": {"lines":{"total":1129,"covered":368,"skipped":0,"pct":32.59},"statements":{"total":1129,"covered":368,"skipped":0,"pct":32.59},"functions":{"total":24,"covered":4,"skipped":0,"pct":16.66},"branches":{"total":16,"covered":7,"skipped":0,"pct":43.75},"branchesTrue":{"total":0,"covered":0,"skipped":0,"pct":100}}
,"/Users/addy/Coding/test/google gemini/backend/src/app.ts": {"lines":{"total":50,"covered":45,"skipped":0,"pct":90},"functions":{"total":1,"covered":1,"skipped":0,"pct":100},"statements":{"total":50,"covered":45,"skipped":0,"pct":90},"branches":{"total":1,"covered":1,"skipped":0,"pct":100}}
,"/Users/addy/Coding/test/google gemini/backend/src/config.ts": {"lines":{"total":29,"covered":27,"skipped":0,"pct":93.1},"functions":{"total":1,"covered":1,"skipped":0,"pct":100},"statements":{"total":29,"covered":27,"skipped":0,"pct":93.1},"branches":{"total":4,"covered":1,"skipped":0,"pct":25}}
,"/Users/addy/Coding/test/google gemini/backend/src/index.ts": {"lines":{"total":41,"covered":0,"skipped":0,"pct":0},"functions":{"total":1,"covered":0,"skipped":0,"pct":0},"statements":{"total":41,"covered":0,"skipped":0,"pct":0},"branches":{"total":1,"covered":0,"skipped":0,"pct":0}}
,"/Users/addy/Coding/test/google gemini/backend/src/middleware/error-handler.ts": {"lines":{"total":38,"covered":11,"skipped":0,"pct":28.94},"functions":{"total":3,"covered":1,"skipped":0,"pct":33.33},"statements":{"total":38,"covered":11,"skipped":0,"pct":28.94},"branches":{"total":2,"covered":2,"skipped":0,"pct":100}}
,"/Users/addy/Coding/test/google gemini/backend/src/routes/chat.ts": {"lines":{"total":32,"covered":10,"skipped":0,"pct":31.25},"functions":{"total":0,"covered":0,"skipped":0,"pct":100},"statements":{"total":32,"covered":10,"skipped":0,"pct":31.25},"branches":{"total":0,"covered":0,"skipped":0,"pct":100}}
,"/Users/addy/Coding/test/google gemini/backend/src/routes/cleanup.ts": {"lines":{"total":13,"covered":10,"skipped":0,"pct":76.92},"functions":{"total":0,"covered":0,"skipped":0,"pct":100},"statements":{"total":13,"covered":10,"skipped":0,"pct":76.92},"branches":{"total":0,"covered":0,"skipped":0,"pct":100}}
,"/Users/addy/Coding/test/google gemini/backend/src/routes/code.ts": {"lines":{"total":27,"covered":15,"skipped":0,"pct":55.55},"functions":{"total":0,"covered":0,"skipped":0,"pct":100},"statements":{"total":27,"covered":15,"skipped":0,"pct":55.55},"branches":{"total":0,"covered":0,"skipped":0,"pct":100}}
,"/Users/addy/Coding/test/google gemini/backend/src/routes/execute.ts": {"lines":{"total":22,"covered":10,"skipped":0,"pct":45.45},"functions":{"total":0,"covered":0,"skipped":0,"pct":100},"statements":{"total":22,"covered":10,"skipped":0,"pct":45.45},"branches":{"total":0,"covered":0,"skipped":0,"pct":100}}
,"/Users/addy/Coding/test/google gemini/backend/src/routes/health.ts": {"lines":{"total":34,"covered":34,"skipped":0,"pct":100},"functions":{"total":0,"covered":0,"skipped":0,"pct":100},"statements":{"total":34,"covered":34,"skipped":0,"pct":100},"branches":{"total":2,"covered":1,"skipped":0,"pct":50}}
,"/Users/addy/Coding/test/google gemini/backend/src/routes/knowledge.ts": {"lines":{"total":27,"covered":15,"skipped":0,"pct":55.55},"functions":{"total":0,"covered":0,"skipped":0,"pct":100},"statements":{"total":27,"covered":15,"skipped":0,"pct":55.55},"branches":{"total":0,"covered":0,"skipped":0,"pct":100}}
,"/Users/addy/Coding/test/google gemini/backend/src/routes/memory.ts": {"lines":{"total":69,"covered":35,"skipped":0,"pct":50.72},"functions":{"total":1,"covered":0,"skipped":0,"pct":0},"statements":{"total":69,"covered":35,"skipped":0,"pct":50.72},"branches":{"total":0,"covered":0,"skipped":0,"pct":100}}
,"/Users/addy/Coding/test/google gemini/backend/src/routes/organize.ts": {"lines":{"total":20,"covered":10,"skipped":0,"pct":50},"functions":{"total":0,"covered":0,"skipped":0,"pct":100},"statements":{"total":20,"covered":10,"skipped":0,"pct":50},"branches":{"total":0,"covered":0,"skipped":0,"pct":100}}
,"/Users/addy/Coding/test/google gemini/backend/src/routes/plan.ts": {"lines":{"total":18,"covered":10,"skipped":0,"pct":55.55},"functions":{"total":0,"covered":0,"skipped":0,"pct":100},"statements":{"total":18,"covered":10,"skipped":0,"pct":55.55},"branches":{"total":0,"covered":0,"skipped":0,"pct":100}}
,"/Users/addy/Coding/test/google gemini/backend/src/routes/presentations.ts": {"lines":{"total":13,"covered":10,"skipped":0,"pct":76.92},"functions":{"total":0,"covered":0,"skipped":0,"pct":100},"statements":{"total":13,"covered":10,"skipped":0,"pct":76.92},"branches":{"total":0,"covered":0,"skipped":0,"pct":100}}
,"/Users/addy/Coding/test/google gemini/backend/src/routes/research.ts": {"lines":{"total":25,"covered":10,"skipped":0,"pct":40},"functions":{"total":0,"covered":0,"skipped":0,"pct":100},"statements":{"total":25,"covered":10,"skipped":0,"pct":40},"branches":{"total":0,"covered":0,"skipped":0,"pct":100}}
,"/Users/addy/Coding/test/google gemini/backend/src/routes/search.ts": {"lines":{"total":32,"covered":18,"skipped":0,"pct":56.25},"functions":{"total":1,"covered":0,"skipped":0,"pct":0},"statements":{"total":32,"covered":18,"skipped":0,"pct":56.25},"branches":{"total":2,"covered":1,"skipped":0,"pct":50}}
,"/Users/addy/Coding/test/google gemini/backend/src/routes/tools.ts": {"lines":{"total":54,"covered":26,"skipped":0,"pct":48.14},"functions":{"total":1,"covered":1,"skipped":0,"pct":100},"statements":{"total":54,"covered":26,"skipped":0,"pct":48.14},"branches":{"total":1,"covered":1,"skipped":0,"pct":100}}
,"/Users/addy/Coding/test/google gemini/backend/src/services/code-assistant.ts": {"lines":{"total":96,"covered":13,"skipped":0,"pct":13.54},"functions":{"total":3,"covered":0,"skipped":0,"pct":0},"statements":{"total":96,"covered":13,"skipped":0,"pct":13.54},"branches":{"total":0,"covered":0,"skipped":0,"pct":100}}
,"/Users/addy/Coding/test/google gemini/backend/src/services/container.ts": {"lines":{"total":34,"covered":0,"skipped":0,"pct":0},"functions":{"total":1,"covered":0,"skipped":0,"pct":0},"statements":{"total":34,"covered":0,"skipped":0,"pct":0},"branches":{"total":1,"covered":0,"skipped":0,"pct":0}}
,"/Users/addy/Coding/test/google gemini/backend/src/services/desktop-cleanup.ts": {"lines":{"total":117,"covered":12,"skipped":0,"pct":10.25},"functions":{"total":4,"covered":0,"skipped":0,"pct":0},"statements":{"total":117,"covered":12,"skipped":0,"pct":10.25},"branches":{"total":0,"covered":0,"skipped":0,"pct":100}}
,"/Users/addy/Coding/test/google gemini/backend/src/services/file-organizer.ts": {"lines":{"total":109,"covered":42,"skipped":0,"pct":38.53},"functions":{"total":2,"covered":0,"skipped":0,"pct":0},"statements":{"total":109,"covered":42,"skipped":0,"pct":38.53},"branches":{"total":0,"covered":0,"skipped":0,"pct":100}}
,"/Users/addy/Coding/test/google gemini/backend/src/services/presentation-builder.ts": {"lines":{"total":30,"covered":1,"skipped":0,"pct":3.33},"functions":{"total":1,"covered":0,"skipped":0,"pct":0},"statements":{"total":30,"covered":1,"skipped":0,"pct":3.33},"branches":{"total":0,"covered":0,"skipped":0,"pct":100}}
,"/Users/addy/Coding/test/google gemini/backend/src/services/research.ts": {"lines":{"total":59,"covered":4,"skipped":0,"pct":6.77},"functions":{"total":2,"covered":0,"skipped":0,"pct":0},"statements":{"total":59,"covered":4,"skipped":0,"pct":6.77},"branches":{"total":0,"covered":0,"skipped":0,"pct":100}}
,"/Users/addy/Coding/test/google gemini/backend/src/services/search.ts": {"lines":{"total":81,"covered":0,"skipped":0,"pct":0},"functions":{"total":1,"covered":0,"skipped":0,"pct":0},"statements":{"total":81,"covered":0,"skipped":0,"pct":0},"branches":{"total":1,"covered":0,"skipped":0,"pct":0}}
,"/Users/addy/Coding/test/google gemini/backend/src/types/api.ts": {"lines":{"total":59,"covered":0,"skipped":0,"pct":0},"functions":{"total":1,"covered":0,"skipped":0,"pct":0},"statements":{"total":59,"covered":0,"skipped":0,"pct":0},"branches":{"total":1,"covered":0,"skipped":0,"pct":0}}
}
