{"total": {"lines":{"total":1160,"covered":266,"skipped":0,"pct":22.93},"statements":{"total":1160,"covered":266,"skipped":0,"pct":22.93},"functions":{"total":27,"covered":14,"skipped":0,"pct":51.85},"branches":{"total":66,"covered":37,"skipped":0,"pct":56.06},"branchesTrue":{"total":0,"covered":0,"skipped":0,"pct":100}}
,"/Users/addy/Coding/test/google gemini/tools/src/index.ts": {"lines":{"total":16,"covered":0,"skipped":0,"pct":0},"functions":{"total":1,"covered":0,"skipped":0,"pct":0},"statements":{"total":16,"covered":0,"skipped":0,"pct":0},"branches":{"total":1,"covered":0,"skipped":0,"pct":0}}
,"/Users/addy/Coding/test/google gemini/tools/src/registry.ts": {"lines":{"total":85,"covered":0,"skipped":0,"pct":0},"functions":{"total":1,"covered":0,"skipped":0,"pct":0},"statements":{"total":85,"covered":0,"skipped":0,"pct":0},"branches":{"total":1,"covered":0,"skipped":0,"pct":0}}
,"/Users/addy/Coding/test/google gemini/tools/src/types.ts": {"lines":{"total":60,"covered":0,"skipped":0,"pct":0},"functions":{"total":1,"covered":0,"skipped":0,"pct":0},"statements":{"total":60,"covered":0,"skipped":0,"pct":0},"branches":{"total":1,"covered":0,"skipped":0,"pct":0}}
,"/Users/addy/Coding/test/google gemini/tools/src/tools/app-launcher-tool.ts": {"lines":{"total":58,"covered":58,"skipped":0,"pct":100},"functions":{"total":2,"covered":2,"skipped":0,"pct":100},"statements":{"total":58,"covered":58,"skipped":0,"pct":100},"branches":{"total":8,"covered":6,"skipped":0,"pct":75}}
,"/Users/addy/Coding/test/google gemini/tools/src/tools/browser-tool.ts": {"lines":{"total":88,"covered":0,"skipped":0,"pct":0},"functions":{"total":1,"covered":0,"skipped":0,"pct":0},"statements":{"total":88,"covered":0,"skipped":0,"pct":0},"branches":{"total":1,"covered":0,"skipped":0,"pct":0}}
,"/Users/addy/Coding/test/google gemini/tools/src/tools/file-tool.ts": {"lines":{"total":103,"covered":55,"skipped":0,"pct":53.39},"functions":{"total":3,"covered":2,"skipped":0,"pct":66.66},"statements":{"total":103,"covered":55,"skipped":0,"pct":53.39},"branches":{"total":13,"covered":5,"skipped":0,"pct":38.46}}
,"/Users/addy/Coding/test/google gemini/tools/src/tools/folder-scan-tool.ts": {"lines":{"total":141,"covered":0,"skipped":0,"pct":0},"functions":{"total":1,"covered":0,"skipped":0,"pct":0},"statements":{"total":141,"covered":0,"skipped":0,"pct":0},"branches":{"total":1,"covered":0,"skipped":0,"pct":0}}
,"/Users/addy/Coding/test/google gemini/tools/src/tools/notes-tool.ts": {"lines":{"total":143,"covered":0,"skipped":0,"pct":0},"functions":{"total":1,"covered":0,"skipped":0,"pct":0},"statements":{"total":143,"covered":0,"skipped":0,"pct":0},"branches":{"total":1,"covered":0,"skipped":0,"pct":0}}
,"/Users/addy/Coding/test/google gemini/tools/src/tools/pdf-tool.ts": {"lines":{"total":97,"covered":0,"skipped":0,"pct":0},"functions":{"total":1,"covered":0,"skipped":0,"pct":0},"statements":{"total":97,"covered":0,"skipped":0,"pct":0},"branches":{"total":1,"covered":0,"skipped":0,"pct":0}}
,"/Users/addy/Coding/test/google gemini/tools/src/tools/stubs.ts": {"lines":{"total":35,"covered":0,"skipped":0,"pct":0},"functions":{"total":1,"covered":0,"skipped":0,"pct":0},"statements":{"total":35,"covered":0,"skipped":0,"pct":0},"branches":{"total":1,"covered":0,"skipped":0,"pct":0}}
,"/Users/addy/Coding/test/google gemini/tools/src/tools/system-tool.ts": {"lines":{"total":92,"covered":0,"skipped":0,"pct":0},"functions":{"total":1,"covered":0,"skipped":0,"pct":0},"statements":{"total":92,"covered":0,"skipped":0,"pct":0},"branches":{"total":1,"covered":0,"skipped":0,"pct":0}}
,"/Users/addy/Coding/test/google gemini/tools/src/tools/terminal-tool.ts": {"lines":{"total":68,"covered":42,"skipped":0,"pct":61.76},"functions":{"total":1,"covered":1,"skipped":0,"pct":100},"statements":{"total":68,"covered":42,"skipped":0,"pct":61.76},"branches":{"total":5,"covered":1,"skipped":0,"pct":20}}
,"/Users/addy/Coding/test/google gemini/tools/src/utils/exec.ts": {"lines":{"total":41,"covered":0,"skipped":0,"pct":0},"functions":{"total":1,"covered":0,"skipped":0,"pct":0},"statements":{"total":41,"covered":0,"skipped":0,"pct":0},"branches":{"total":1,"covered":0,"skipped":0,"pct":0}}
,"/Users/addy/Coding/test/google gemini/tools/src/utils/paths.ts": {"lines":{"total":35,"covered":18,"skipped":0,"pct":51.42},"functions":{"total":2,"covered":1,"skipped":0,"pct":50},"statements":{"total":35,"covered":18,"skipped":0,"pct":51.42},"branches":{"total":3,"covered":1,"skipped":0,"pct":33.33}}
,"/Users/addy/Coding/test/google gemini/tools/src/utils/result.ts": {"lines":{"total":25,"covered":22,"skipped":0,"pct":88},"functions":{"total":6,"covered":5,"skipped":0,"pct":83.33},"statements":{"total":25,"covered":22,"skipped":0,"pct":88},"branches":{"total":12,"covered":11,"skipped":0,"pct":91.66}}
,"/Users/addy/Coding/test/google gemini/tools/src/utils/safety.ts": {"lines":{"total":73,"covered":71,"skipped":0,"pct":97.26},"functions":{"total":3,"covered":3,"skipped":0,"pct":100},"statements":{"total":73,"covered":71,"skipped":0,"pct":97.26},"branches":{"total":15,"covered":13,"skipped":0,"pct":86.66}}
}
